{"level":"info","message":"Connect successfully!!!"}
{"level":"info","message":"Application app listening on port 5000"}
{"level":"info","message":"Connect successfully!!!"}
{"level":"info","message":"Application app listening on port 5000"}
{"level":"info","message":"Connect successfully!!!"}
{"level":"info","message":"Application app listening on port 5000"}
{"level":"info","message":"Connect successfully!!!"}
{"level":"info","message":"Application app listening on port 5000"}
{"level":"info","message":"Connect successfully!!!"}
{"level":"info","message":"Application app listening on port 5000"}
{"level":"info","message":"Connect successfully!!!"}
{"level":"info","message":"Application app listening on port 5000"}
{"level":"info","message":"Connect successfully!!!"}
{"level":"info","message":"Application app listening on port 5000"}
{"level":"info","message":"Connect successfully!!!"}
{"level":"info","message":"Application app listening on port 5000"}
{"level":"info","message":"Connect successfully!!!"}
{"level":"info","message":"Application app listening on port 5000"}
{"level":"info","message":"Connect successfully!!!"}
{"level":"info","message":"Application app listening on port 5000"}
{"level":"info","message":"Connect successfully!!!"}
{"level":"info","message":"Application app listening on port 5000"}
{"level":"info","message":"Connect successfully!!!"}
{"level":"info","message":"Application app listening on port 5000"}
{"level":"info","message":"Connect successfully!!!"}
{"level":"info","message":"Application app listening on port 5000"}
{"level":"info","message":"Connect successfully!!!"}
{"level":"info","message":"Application app listening on port 5000"}
2023-09-24T18:47:49.708Z [right meow!] info: Connect successfully!!!
2023-09-24T18:47:49.718Z [right meow!] info: Application app listening on port 5000
2023-09-24T18:47:59.697Z [right meow!] info: Connect successfully!!!
2023-09-24T18:47:59.707Z [right meow!] info: Application app listening on port 5000
2023-09-24T18:50:45.721Z [Testing] info: Connect successfully!!!
2023-09-24T18:50:45.735Z [Testing] info: Application app listening on port 5000
2023-09-24T18:50:54.411Z [Testing] info: Connect successfully!!!
2023-09-24T18:50:54.420Z [Testing] info: Application app listening on port 5000
2023-09-24T18:53:31.670Z [Testing] info: Connect successfully!!!
2023-09-24T18:53:31.682Z [Testing] info: Application app listening on port 5000
2023-09-24T18:53:56.646Z [Testing] info: Connect successfully!!!
2023-09-24T18:53:56.657Z [Testing] info: Application app listening on port 5000
2023-09-24T18:54:05.825Z [Testing] info: Connect successfully!!!
2023-09-24T18:54:05.836Z [Testing] info: Application app listening on port 5000
Mon Sep 25 2023 [Testing] info: Connect successfully!!!
Mon Sep 25 2023 [Testing] info: Application app listening on port 5000
Mon Sep 25 2023 0 [Testing] info: Connect successfully!!!
Mon Sep 25 2023 0 [Testing] info: Application app listening on port 5000
Mon Sep 25 2023 0: [Testing] info: Connect successfully!!!
Mon Sep 25 2023 0: [Testing] info: Application app listening on port 5000
Mon Sep 25 2023 0:55:{} [Testing] info: Connect successfully!!!
Mon Sep 25 2023 0:55:{} [Testing] info: Application app listening on port 5000
Mon Sep 25 2023 0:55:36 [Testing] info: Connect successfully!!!
Mon Sep 25 2023 0:55:36 [Testing] info: Application app listening on port 5000
Mon Sep 25 2023 0:55:53} [Testing] info: Connect successfully!!!
Mon Sep 25 2023 0:55:53} [Testing] info: Application app listening on port 5000
Mon Sep 25 2023 0:55:59} [Testing] info: Connect successfully!!!
Mon Sep 25 2023 0:55:59} [Testing] info: Application app listening on port 5000
Mon Sep 25 2023 0:56:48 [Testing] info: Connect successfully!!!
Mon Sep 25 2023 0:56:48 [Testing] info: Application app listening on port 5000
Mon Sep 25 2023 0:57:8 [Testing] info: Connect successfully!!!
Mon Sep 25 2023 0:57:8 [Testing] info: Application app listening on port 5000
Mon Sep 25 2023 0:58:27 [Testing] info: Connect successfully!!!
Mon Sep 25 2023 0:58:27 [Testing] info: Application app listening on port 5000
Mon Sep 25 2023 0:58:38 [Testing] info: Connect successfully!!!
Mon Sep 25 2023 0:58:38 [Testing] info: Application app listening on port 5000
{
  message: 'Connect successfully!!!',
  level: 'info',
  label: 'Testing',
  timestamp: '2023-09-24T18:59:18.713Z'
}
{
  message: 'Application app listening on port 5000',
  level: 'info',
  label: 'Testing',
  timestamp: '2023-09-24T18:59:18.729Z'
}
{
  message: 'Connect successfully!!!',
  level: 'info',
  label: 'Testing',
  timestamp: '2023-09-24T18:59:51.323Z'
}
{
  message: 'Application app listening on port 5000',
  level: 'info',
  label: 'Testing',
  timestamp: '2023-09-24T18:59:51.335Z'
}
{
  message: 'Connect successfully!!!',
  level: 'info',
  label: 'Testing',
  timestamp: '2023-09-24T19:00:37.042Z'
}
{
  message: 'Application app listening on port 5000',
  level: 'info',
  label: 'Testing',
  timestamp: '2023-09-24T19:00:37.055Z'
}
